{"C:\\Users\\elvin\\ktu_inzi\\src\\repositories\\historyRepository.ts": {"path":"C:\\Users\\elvin\\ktu_inzi\\src\\repositories\\historyRepository.ts","statementMap":{"0":{"start":{"line":1,"column":0},"end":{"line":1,"column":45}},"1":{"start":{"line":11,"column":13},"end":{"line":32,"column":2}},"2":{"start":{"line":13,"column":4},"end":{"line":16,"column":6}},"3":{"start":{"line":20,"column":4},"end":{"line":23,"column":6}},"4":{"start":{"line":27,"column":4},"end":{"line":30,"column":6}}},"fnMap":{"0":{"name":"(anonymous_0)","decl":{"start":{"line":12,"column":7},"end":{"line":12,"column":8}},"loc":{"start":{"line":12,"column":69},"end":{"line":17,"column":3}}},"1":{"name":"(anonymous_1)","decl":{"start":{"line":19,"column":10},"end":{"line":19,"column":11}},"loc":{"start":{"line":19,"column":72},"end":{"line":24,"column":3}}},"2":{"name":"(anonymous_2)","decl":{"start":{"line":26,"column":10},"end":{"line":26,"column":11}},"loc":{"start":{"line":26,"column":53},"end":{"line":31,"column":3}}}},"branchMap":{},"s":{"0":2,"1":2,"2":4,"3":4,"4":2},"f":{"0":4,"1":4,"2":2},"b":{}}
,"C:\\Users\\elvin\\ktu_inzi\\src\\repositories\\movieRepository.ts": {"path":"C:\\Users\\elvin\\ktu_inzi\\src\\repositories\\movieRepository.ts","statementMap":{"0":{"start":{"line":1,"column":0},"end":{"line":1,"column":45}},"1":{"start":{"line":14,"column":13},"end":{"line":54,"column":2}},"2":{"start":{"line":17,"column":4},"end":{"line":27,"column":7}},"3":{"start":{"line":31,"column":19},"end":{"line":31,"column":69}},"4":{"start":{"line":32,"column":4},"end":{"line":44,"column":6}},"5":{"start":{"line":48,"column":4},"end":{"line":48,"column":56}},"6":{"start":{"line":52,"column":4},"end":{"line":52,"column":84}}},"fnMap":{"0":{"name":"(anonymous_0)","decl":{"start":{"line":15,"column":15},"end":{"line":15,"column":33}},"loc":{"start":{"line":15,"column":35},"end":{"line":28,"column":3}}},"1":{"name":"(anonymous_1)","decl":{"start":{"line":30,"column":10},"end":{"line":30,"column":11}},"loc":{"start":{"line":30,"column":53},"end":{"line":45,"column":3}}},"2":{"name":"(anonymous_2)","decl":{"start":{"line":47,"column":10},"end":{"line":47,"column":31}},"loc":{"start":{"line":47,"column":33},"end":{"line":49,"column":3}}},"3":{"name":"(anonymous_3)","decl":{"start":{"line":51,"column":11},"end":{"line":51,"column":12}},"loc":{"start":{"line":51,"column":49},"end":{"line":53,"column":3}}}},"branchMap":{"0":{"loc":{"start":{"line":31,"column":19},"end":{"line":31,"column":69}},"type":"cond-expr","locations":[{"start":{"line":31,"column":34},"end":{"line":31,"column":62}},{"start":{"line":31,"column":65},"end":{"line":31,"column":69}}]},"1":{"loc":{"start":{"line":38,"column":8},"end":{"line":38,"column":30}},"type":"binary-expr","locations":[{"start":{"line":38,"column":8},"end":{"line":38,"column":22}},{"start":{"line":38,"column":26},"end":{"line":38,"column":30}}]},"2":{"loc":{"start":{"line":39,"column":8},"end":{"line":39,"column":33}},"type":"binary-expr","locations":[{"start":{"line":39,"column":8},"end":{"line":39,"column":25}},{"start":{"line":39,"column":29},"end":{"line":39,"column":33}}]},"3":{"loc":{"start":{"line":40,"column":8},"end":{"line":40,"column":34}},"type":"binary-expr","locations":[{"start":{"line":40,"column":8},"end":{"line":40,"column":26}},{"start":{"line":40,"column":30},"end":{"line":40,"column":34}}]},"4":{"loc":{"start":{"line":41,"column":8},"end":{"line":41,"column":34}},"type":"binary-expr","locations":[{"start":{"line":41,"column":8},"end":{"line":41,"column":26}},{"start":{"line":41,"column":30},"end":{"line":41,"column":34}}]}},"s":{"0":2,"1":2,"2":1,"3":5,"4":5,"5":1,"6":3},"f":{"0":1,"1":5,"2":1,"3":3},"b":{"0":[3,2],"1":[5,1],"2":[5,1],"3":[5,1],"4":[5,1]}}
,"C:\\Users\\elvin\\ktu_inzi\\src\\repositories\\ratingsRepository.ts": {"path":"C:\\Users\\elvin\\ktu_inzi\\src\\repositories\\ratingsRepository.ts","statementMap":{"0":{"start":{"line":2,"column":0},"end":{"line":2,"column":45}},"1":{"start":{"line":12,"column":13},"end":{"line":51,"column":2}},"2":{"start":{"line":14,"column":22},"end":{"line":14,"column":51}},"3":{"start":{"line":15,"column":25},"end":{"line":17,"column":null}},"4":{"start":{"line":20,"column":4},"end":{"line":26,"column":5}},"5":{"start":{"line":21,"column":6},"end":{"line":25,"column":8}},"6":{"start":{"line":28,"column":4},"end":{"line":28,"column":24}},"7":{"start":{"line":32,"column":4},"end":{"line":35,"column":6}},"8":{"start":{"line":39,"column":4},"end":{"line":42,"column":6}},"9":{"start":{"line":46,"column":4},"end":{"line":49,"column":6}}},"fnMap":{"0":{"name":"(anonymous_0)","decl":{"start":{"line":13,"column":13},"end":{"line":13,"column":18}},"loc":{"start":{"line":13,"column":97},"end":{"line":29,"column":3}}},"1":{"name":"(anonymous_1)","decl":{"start":{"line":31,"column":13},"end":{"line":31,"column":14}},"loc":{"start":{"line":31,"column":73},"end":{"line":36,"column":3}}},"2":{"name":"(anonymous_2)","decl":{"start":{"line":38,"column":10},"end":{"line":38,"column":11}},"loc":{"start":{"line":38,"column":72},"end":{"line":43,"column":1}}},"3":{"name":"(anonymous_3)","decl":{"start":{"line":45,"column":10},"end":{"line":45,"column":11}},"loc":{"start":{"line":45,"column":48},"end":{"line":50,"column":3}}}},"branchMap":{"0":{"loc":{"start":{"line":20,"column":4},"end":{"line":26,"column":5}},"type":"if","locations":[{"start":{"line":20,"column":4},"end":{"line":26,"column":5}}]}},"s":{"0":2,"1":2,"2":2,"3":2,"4":2,"5":1,"6":1,"7":5,"8":1,"9":1},"f":{"0":2,"1":5,"2":1,"3":1},"b":{"0":[1]}}
,"C:\\Users\\elvin\\ktu_inzi\\src\\repositories\\userRepository.ts": {"path":"C:\\Users\\elvin\\ktu_inzi\\src\\repositories\\userRepository.ts","statementMap":{"0":{"start":{"line":1,"column":0},"end":{"line":1,"column":45}},"1":{"start":{"line":2,"column":0},"end":{"line":2,"column":38}},"2":{"start":{"line":9,"column":13},"end":{"line":23,"column":2}},"3":{"start":{"line":12,"column":19},"end":{"line":12,"column":84}},"4":{"start":{"line":13,"column":4},"end":{"line":13,"column":26}},"5":{"start":{"line":18,"column":15},"end":{"line":18,"column":34}},"6":{"start":{"line":19,"column":4},"end":{"line":19,"column":71}},"7":{"start":{"line":21,"column":4},"end":{"line":21,"column":42}}},"fnMap":{"0":{"name":"(anonymous_9)","decl":{"start":{"line":11,"column":18},"end":{"line":11,"column":23}},"loc":{"start":{"line":11,"column":51},"end":{"line":14,"column":3}}},"1":{"name":"(anonymous_10)","decl":{"start":{"line":17,"column":14},"end":{"line":17,"column":19}},"loc":{"start":{"line":17,"column":40},"end":{"line":22,"column":3}}}},"branchMap":{"0":{"loc":{"start":{"line":13,"column":11},"end":{"line":13,"column":25}},"type":"binary-expr","locations":[{"start":{"line":13,"column":11},"end":{"line":13,"column":17}},{"start":{"line":13,"column":21},"end":{"line":13,"column":25}}]}},"s":{"0":2,"1":2,"2":2,"3":7,"4":7,"5":2,"6":2,"7":2},"f":{"0":7,"1":2},"b":{"0":[7,3]}}
,"C:\\Users\\elvin\\ktu_inzi\\src\\repositories\\wishlistRepository.ts": {"path":"C:\\Users\\elvin\\ktu_inzi\\src\\repositories\\wishlistRepository.ts","statementMap":{"0":{"start":{"line":1,"column":0},"end":{"line":1,"column":45}},"1":{"start":{"line":11,"column":13},"end":{"line":40,"column":2}},"2":{"start":{"line":13,"column":4},"end":{"line":16,"column":6}},"3":{"start":{"line":20,"column":4},"end":{"line":23,"column":6}},"4":{"start":{"line":27,"column":4},"end":{"line":30,"column":6}},"5":{"start":{"line":34,"column":19},"end":{"line":36,"column":null}},"6":{"start":{"line":38,"column":4},"end":{"line":38,"column":36}}},"fnMap":{"0":{"name":"(anonymous_0)","decl":{"start":{"line":12,"column":7},"end":{"line":12,"column":8}},"loc":{"start":{"line":12,"column":69},"end":{"line":17,"column":3}}},"1":{"name":"(anonymous_1)","decl":{"start":{"line":19,"column":10},"end":{"line":19,"column":11}},"loc":{"start":{"line":19,"column":72},"end":{"line":24,"column":3}}},"2":{"name":"(anonymous_2)","decl":{"start":{"line":26,"column":10},"end":{"line":26,"column":11}},"loc":{"start":{"line":26,"column":54},"end":{"line":31,"column":3}}},"3":{"name":"(anonymous_3)","decl":{"start":{"line":33,"column":10},"end":{"line":33,"column":15}},"loc":{"start":{"line":33,"column":70},"end":{"line":39,"column":3}}}},"branchMap":{"0":{"loc":{"start":{"line":38,"column":12},"end":{"line":38,"column":30}},"type":"binary-expr","locations":[{"start":{"line":38,"column":12},"end":{"line":38,"column":25}},{"start":{"line":38,"column":29},"end":{"line":38,"column":30}}]}},"s":{"0":2,"1":2,"2":4,"3":4,"4":2,"5":2,"6":2},"f":{"0":4,"1":4,"2":2,"3":2},"b":{"0":[2,1]}}
,"C:\\Users\\elvin\\ktu_inzi\\src\\services\\user.ts": {"path":"C:\\Users\\elvin\\ktu_inzi\\src\\services\\user.ts","statementMap":{"0":{"start":{"line":1,"column":0},"end":{"line":1,"column":70}},"1":{"start":{"line":3,"column":11},"end":{"line":3,"column":43}},"2":{"start":{"line":5,"column":13},"end":{"line":44,"column":2}},"3":{"start":{"line":11,"column":4},"end":{"line":11,"column":40}},"4":{"start":{"line":11,"column":21},"end":{"line":11,"column":40}},"5":{"start":{"line":13,"column":15},"end":{"line":13,"column":52}},"6":{"start":{"line":14,"column":4},"end":{"line":20,"column":5}},"7":{"start":{"line":15,"column":6},"end":{"line":15,"column":71}},"8":{"start":{"line":16,"column":6},"end":{"line":16,"column":47}},"9":{"start":{"line":17,"column":6},"end":{"line":17,"column":62}},"10":{"start":{"line":19,"column":6},"end":{"line":19,"column":65}},"11":{"start":{"line":21,"column":4},"end":{"line":21,"column":23}},"12":{"start":{"line":22,"column":4},"end":{"line":22,"column":16}},"13":{"start":{"line":29,"column":4},"end":{"line":31,"column":5}},"14":{"start":{"line":30,"column":6},"end":{"line":30,"column":73}},"15":{"start":{"line":32,"column":4},"end":{"line":32,"column":26}},"16":{"start":{"line":39,"column":4},"end":{"line":41,"column":5}},"17":{"start":{"line":40,"column":6},"end":{"line":40,"column":73}},"18":{"start":{"line":42,"column":4},"end":{"line":42,"column":23}}},"fnMap":{"0":{"name":"(anonymous_0)","decl":{"start":{"line":10,"column":8},"end":{"line":10,"column":13}},"loc":{"start":{"line":10,"column":34},"end":{"line":23,"column":3}}},"1":{"name":"(anonymous_1)","decl":{"start":{"line":28,"column":20},"end":{"line":28,"column":31}},"loc":{"start":{"line":28,"column":33},"end":{"line":33,"column":3}}},"2":{"name":"(anonymous_2)","decl":{"start":{"line":38,"column":18},"end":{"line":38,"column":27}},"loc":{"start":{"line":38,"column":29},"end":{"line":43,"column":3}}}},"branchMap":{"0":{"loc":{"start":{"line":11,"column":4},"end":{"line":11,"column":40}},"type":"if","locations":[{"start":{"line":11,"column":4},"end":{"line":11,"column":40}}]},"1":{"loc":{"start":{"line":14,"column":4},"end":{"line":20,"column":5}},"type":"if","locations":[{"start":{"line":14,"column":4},"end":{"line":20,"column":5}},{"start":{"line":18,"column":11},"end":{"line":20,"column":5}}]},"2":{"loc":{"start":{"line":29,"column":4},"end":{"line":31,"column":5}},"type":"if","locations":[{"start":{"line":29,"column":4},"end":{"line":31,"column":5}}]},"3":{"loc":{"start":{"line":39,"column":4},"end":{"line":41,"column":5}},"type":"if","locations":[{"start":{"line":39,"column":4},"end":{"line":41,"column":5}}]}},"s":{"0":7,"1":7,"2":7,"3":7,"4":1,"5":6,"6":6,"7":2,"8":2,"9":2,"10":4,"11":6,"12":6,"13":5,"14":2,"15":3,"16":3,"17":1,"18":2},"f":{"0":7,"1":5,"2":3},"b":{"0":[1],"1":[2,4],"2":[2],"3":[1]}}
,"C:\\Users\\elvin\\ktu_inzi\\src\\services\\watchedList.ts": {"path":"C:\\Users\\elvin\\ktu_inzi\\src\\services\\watchedList.ts","statementMap":{"0":{"start":{"line":1,"column":0},"end":{"line":1,"column":70}},"1":{"start":{"line":2,"column":0},"end":{"line":2,"column":66}},"2":{"start":{"line":3,"column":0},"end":{"line":3,"column":70}},"3":{"start":{"line":5,"column":0},"end":{"line":5,"column":37}},"4":{"start":{"line":12,"column":13},"end":{"line":91,"column":2}},"5":{"start":{"line":14,"column":19},"end":{"line":14,"column":49}},"6":{"start":{"line":15,"column":25},"end":{"line":15,"column":63}},"7":{"start":{"line":16,"column":46},"end":{"line":16,"column":48}},"8":{"start":{"line":18,"column":4},"end":{"line":48,"column":5}},"9":{"start":{"line":19,"column":22},"end":{"line":19,"column":66}},"10":{"start":{"line":20,"column":6},"end":{"line":47,"column":7}},"11":{"start":{"line":21,"column":23},"end":{"line":21,"column":79}},"12":{"start":{"line":23,"column":26},"end":{"line":25,"column":57}},"13":{"start":{"line":28,"column":42},"end":{"line":28,"column":44}},"14":{"start":{"line":29,"column":8},"end":{"line":33,"column":9}},"15":{"start":{"line":30,"column":10},"end":{"line":30,"column":68}},"16":{"start":{"line":32,"column":10},"end":{"line":32,"column":22}},"17":{"start":{"line":35,"column":36},"end":{"line":45,"column":10}},"18":{"start":{"line":46,"column":8},"end":{"line":46,"column":38}},"19":{"start":{"line":50,"column":4},"end":{"line":50,"column":66}},"20":{"start":{"line":50,"column":37},"end":{"line":50,"column":64}},"21":{"start":{"line":51,"column":4},"end":{"line":51,"column":29}},"22":{"start":{"line":55,"column":19},"end":{"line":55,"column":49}},"23":{"start":{"line":56,"column":21},"end":{"line":56,"column":60}},"24":{"start":{"line":57,"column":4},"end":{"line":74,"column":5}},"25":{"start":{"line":60,"column":23},"end":{"line":60,"column":38}},"26":{"start":{"line":61,"column":6},"end":{"line":63,"column":7}},"27":{"start":{"line":62,"column":8},"end":{"line":62,"column":79}},"28":{"start":{"line":65,"column":6},"end":{"line":73,"column":9}},"29":{"start":{"line":75,"column":4},"end":{"line":75,"column":50}},"30":{"start":{"line":76,"column":4},"end":{"line":76,"column":59}},"31":{"start":{"line":80,"column":19},"end":{"line":80,"column":49}},"32":{"start":{"line":81,"column":22},"end":{"line":81,"column":37}},"33":{"start":{"line":82,"column":4},"end":{"line":82,"column":54}},"34":{"start":{"line":83,"column":4},"end":{"line":83,"column":54}},"35":{"start":{"line":87,"column":19},"end":{"line":87,"column":49}},"36":{"start":{"line":88,"column":22},"end":{"line":88,"column":37}},"37":{"start":{"line":89,"column":4},"end":{"line":89,"column":72}}},"fnMap":{"0":{"name":"(anonymous_0)","decl":{"start":{"line":13,"column":2},"end":{"line":13,"column":7}},"loc":{"start":{"line":13,"column":24},"end":{"line":52,"column":3}}},"1":{"name":"(anonymous_1)","decl":{"start":{"line":50,"column":27},"end":{"line":50,"column":28}},"loc":{"start":{"line":50,"column":37},"end":{"line":50,"column":64}}},"2":{"name":"(anonymous_2)","decl":{"start":{"line":54,"column":2},"end":{"line":54,"column":7}},"loc":{"start":{"line":54,"column":32},"end":{"line":77,"column":3}}},"3":{"name":"(anonymous_3)","decl":{"start":{"line":79,"column":2},"end":{"line":79,"column":7}},"loc":{"start":{"line":79,"column":35},"end":{"line":84,"column":3}}},"4":{"name":"(anonymous_4)","decl":{"start":{"line":86,"column":2},"end":{"line":86,"column":7}},"loc":{"start":{"line":86,"column":59},"end":{"line":90,"column":3}}}},"branchMap":{"0":{"loc":{"start":{"line":20,"column":6},"end":{"line":47,"column":7}},"type":"if","locations":[{"start":{"line":20,"column":6},"end":{"line":47,"column":7}}]},"1":{"loc":{"start":{"line":23,"column":26},"end":{"line":25,"column":57}},"type":"cond-expr","locations":[{"start":{"line":24,"column":12},"end":{"line":24,"column":67}},{"start":{"line":25,"column":12},"end":{"line":25,"column":57}}]},"2":{"loc":{"start":{"line":30,"column":19},"end":{"line":30,"column":67}},"type":"cond-expr","locations":[{"start":{"line":30,"column":36},"end":{"line":30,"column":62}},{"start":{"line":30,"column":65},"end":{"line":30,"column":67}}]},"3":{"loc":{"start":{"line":38,"column":16},"end":{"line":38,"column":60}},"type":"binary-expr","locations":[{"start":{"line":38,"column":16},"end":{"line":38,"column":51}},{"start":{"line":38,"column":55},"end":{"line":38,"column":60}}]},"4":{"loc":{"start":{"line":39,"column":18},"end":{"line":39,"column":43}},"type":"binary-expr","locations":[{"start":{"line":39,"column":18},"end":{"line":39,"column":38}},{"start":{"line":39,"column":42},"end":{"line":39,"column":43}}]},"5":{"loc":{"start":{"line":41,"column":23},"end":{"line":41,"column":45}},"type":"binary-expr","locations":[{"start":{"line":41,"column":23},"end":{"line":41,"column":39}},{"start":{"line":41,"column":43},"end":{"line":41,"column":45}}]},"6":{"loc":{"start":{"line":44,"column":22},"end":{"line":44,"column":41}},"type":"binary-expr","locations":[{"start":{"line":44,"column":22},"end":{"line":44,"column":36}},{"start":{"line":44,"column":40},"end":{"line":44,"column":41}}]},"7":{"loc":{"start":{"line":57,"column":4},"end":{"line":74,"column":5}},"type":"if","locations":[{"start":{"line":57,"column":4},"end":{"line":74,"column":5}}]},"8":{"loc":{"start":{"line":61,"column":6},"end":{"line":63,"column":7}},"type":"if","locations":[{"start":{"line":61,"column":6},"end":{"line":63,"column":7}}]},"9":{"loc":{"start":{"line":69,"column":21},"end":{"line":69,"column":44}},"type":"binary-expr","locations":[{"start":{"line":69,"column":21},"end":{"line":69,"column":31}},{"start":{"line":69,"column":35},"end":{"line":69,"column":44}}]},"10":{"loc":{"start":{"line":72,"column":31},"end":{"line":72,"column":48}},"type":"binary-expr","locations":[{"start":{"line":72,"column":31},"end":{"line":72,"column":42}},{"start":{"line":72,"column":46},"end":{"line":72,"column":48}}]}},"s":{"0":17,"1":17,"2":17,"3":17,"4":17,"5":10,"6":10,"7":10,"8":10,"9":13,"10":13,"11":12,"12":12,"13":12,"14":12,"15":12,"16":1,"17":12,"18":12,"19":10,"20":4,"21":10,"22":5,"23":5,"24":5,"25":4,"26":4,"27":1,"28":4,"29":5,"30":5,"31":1,"32":1,"33":1,"34":1,"35":1,"36":1,"37":1},"f":{"0":10,"1":4,"2":5,"3":1,"4":1},"b":{"0":[12],"1":[11,1],"2":[11,1],"3":[12,1],"4":[12,2],"5":[12,9],"6":[12,5],"7":[4],"8":[1],"9":[4,1],"10":[4,1]}}
,"C:\\Users\\elvin\\ktu_inzi\\src\\services\\wishlist.ts": {"path":"C:\\Users\\elvin\\ktu_inzi\\src\\services\\wishlist.ts","statementMap":{"0":{"start":{"line":1,"column":0},"end":{"line":1,"column":72}},"1":{"start":{"line":2,"column":0},"end":{"line":2,"column":66}},"2":{"start":{"line":3,"column":0},"end":{"line":3,"column":37}},"3":{"start":{"line":7,"column":29},"end":{"line":41,"column":1}},"4":{"start":{"line":8,"column":17},"end":{"line":8,"column":47}},"5":{"start":{"line":9,"column":16},"end":{"line":9,"column":55}},"6":{"start":{"line":10,"column":29},"end":{"line":10,"column":31}},"7":{"start":{"line":12,"column":2},"end":{"line":39,"column":3}},"8":{"start":{"line":13,"column":20},"end":{"line":13,"column":64}},"9":{"start":{"line":14,"column":4},"end":{"line":38,"column":5}},"10":{"start":{"line":16,"column":24},"end":{"line":18,"column":55}},"11":{"start":{"line":21,"column":40},"end":{"line":21,"column":42}},"12":{"start":{"line":22,"column":6},"end":{"line":26,"column":7}},"13":{"start":{"line":23,"column":8},"end":{"line":23,"column":66}},"14":{"start":{"line":25,"column":8},"end":{"line":25,"column":20}},"15":{"start":{"line":28,"column":33},"end":{"line":36,"column":8}},"16":{"start":{"line":37,"column":6},"end":{"line":37,"column":28}},"17":{"start":{"line":40,"column":2},"end":{"line":40,"column":16}},"18":{"start":{"line":44,"column":27},"end":{"line":46,"column":1}},"19":{"start":{"line":45,"column":2},"end":{"line":45,"column":32}},"20":{"start":{"line":44,"column":13},"end":{"line":44,"column":27}},"21":{"start":{"line":48,"column":29},"end":{"line":76,"column":1}},"22":{"start":{"line":49,"column":17},"end":{"line":49,"column":47}},"23":{"start":{"line":52,"column":19},"end":{"line":52,"column":58}},"24":{"start":{"line":53,"column":2},"end":{"line":69,"column":3}},"25":{"start":{"line":55,"column":21},"end":{"line":55,"column":36}},"26":{"start":{"line":56,"column":4},"end":{"line":58,"column":5}},"27":{"start":{"line":57,"column":6},"end":{"line":57,"column":77}},"28":{"start":{"line":60,"column":4},"end":{"line":68,"column":7}},"29":{"start":{"line":71,"column":24},"end":{"line":71,"column":73}},"30":{"start":{"line":72,"column":2},"end":{"line":74,"column":3}},"31":{"start":{"line":73,"column":4},"end":{"line":73,"column":51}},"32":{"start":{"line":75,"column":2},"end":{"line":75,"column":32}},"33":{"start":{"line":48,"column":13},"end":{"line":48,"column":29}},"34":{"start":{"line":78,"column":34},"end":{"line":83,"column":1}},"35":{"start":{"line":79,"column":17},"end":{"line":79,"column":47}},"36":{"start":{"line":80,"column":20},"end":{"line":80,"column":35}},"37":{"start":{"line":81,"column":2},"end":{"line":81,"column":53}},"38":{"start":{"line":82,"column":2},"end":{"line":82,"column":32}},"39":{"start":{"line":78,"column":13},"end":{"line":78,"column":34}}},"fnMap":{"0":{"name":"(anonymous_0)","decl":{"start":{"line":7,"column":29},"end":{"line":7,"column":34}},"loc":{"start":{"line":7,"column":61},"end":{"line":41,"column":1}}},"1":{"name":"(anonymous_1)","decl":{"start":{"line":44,"column":27},"end":{"line":44,"column":32}},"loc":{"start":{"line":44,"column":59},"end":{"line":46,"column":1}}},"2":{"name":"(anonymous_2)","decl":{"start":{"line":48,"column":29},"end":{"line":48,"column":34}},"loc":{"start":{"line":48,"column":76},"end":{"line":76,"column":1}}},"3":{"name":"(anonymous_3)","decl":{"start":{"line":78,"column":34},"end":{"line":78,"column":39}},"loc":{"start":{"line":78,"column":81},"end":{"line":83,"column":1}}}},"branchMap":{"0":{"loc":{"start":{"line":14,"column":4},"end":{"line":38,"column":5}},"type":"if","locations":[{"start":{"line":14,"column":4},"end":{"line":38,"column":5}}]},"1":{"loc":{"start":{"line":16,"column":24},"end":{"line":18,"column":55}},"type":"cond-expr","locations":[{"start":{"line":17,"column":10},"end":{"line":17,"column":65}},{"start":{"line":18,"column":10},"end":{"line":18,"column":55}}]},"2":{"loc":{"start":{"line":23,"column":17},"end":{"line":23,"column":65}},"type":"cond-expr","locations":[{"start":{"line":23,"column":34},"end":{"line":23,"column":60}},{"start":{"line":23,"column":63},"end":{"line":23,"column":65}}]},"3":{"loc":{"start":{"line":31,"column":14},"end":{"line":31,"column":58}},"type":"binary-expr","locations":[{"start":{"line":31,"column":14},"end":{"line":31,"column":49}},{"start":{"line":31,"column":53},"end":{"line":31,"column":58}}]},"4":{"loc":{"start":{"line":32,"column":16},"end":{"line":32,"column":41}},"type":"binary-expr","locations":[{"start":{"line":32,"column":16},"end":{"line":32,"column":36}},{"start":{"line":32,"column":40},"end":{"line":32,"column":41}}]},"5":{"loc":{"start":{"line":34,"column":21},"end":{"line":34,"column":43}},"type":"binary-expr","locations":[{"start":{"line":34,"column":21},"end":{"line":34,"column":37}},{"start":{"line":34,"column":41},"end":{"line":34,"column":43}}]},"6":{"loc":{"start":{"line":53,"column":2},"end":{"line":69,"column":3}},"type":"if","locations":[{"start":{"line":53,"column":2},"end":{"line":69,"column":3}}]},"7":{"loc":{"start":{"line":56,"column":4},"end":{"line":58,"column":5}},"type":"if","locations":[{"start":{"line":56,"column":4},"end":{"line":58,"column":5}}]},"8":{"loc":{"start":{"line":64,"column":19},"end":{"line":64,"column":42}},"type":"binary-expr","locations":[{"start":{"line":64,"column":19},"end":{"line":64,"column":29}},{"start":{"line":64,"column":33},"end":{"line":64,"column":42}}]},"9":{"loc":{"start":{"line":67,"column":29},"end":{"line":67,"column":46}},"type":"binary-expr","locations":[{"start":{"line":67,"column":29},"end":{"line":67,"column":40}},{"start":{"line":67,"column":44},"end":{"line":67,"column":46}}]},"10":{"loc":{"start":{"line":72,"column":2},"end":{"line":74,"column":3}},"type":"if","locations":[{"start":{"line":72,"column":2},"end":{"line":74,"column":3}}]}},"s":{"0":11,"1":11,"2":11,"3":11,"4":11,"5":11,"6":11,"7":11,"8":11,"9":11,"10":10,"11":10,"12":10,"13":10,"14":1,"15":10,"16":10,"17":11,"18":11,"19":6,"20":11,"21":11,"22":4,"23":4,"24":4,"25":3,"26":3,"27":1,"28":3,"29":4,"30":4,"31":3,"32":4,"33":11,"34":11,"35":1,"36":1,"37":1,"38":1,"39":11},"f":{"0":11,"1":6,"2":4,"3":1},"b":{"0":[10],"1":[8,2],"2":[8,2],"3":[10,1],"4":[10,1],"5":[10,1],"6":[3],"7":[1],"8":[3,1],"9":[3,2],"10":[3]}}
}
