TN:
SF:src\repositories\historyRepository.ts
FN:12,(anonymous_0)
FN:19,(anonymous_1)
FN:26,(anonymous_2)
FNF:3
FNH:3
FNDA:4,(anonymous_0)
FNDA:4,(anonymous_1)
FNDA:2,(anonymous_2)
DA:1,2
DA:11,2
DA:13,4
DA:20,4
DA:27,2
LF:5
LH:5
BRF:0
BRH:0
end_of_record
TN:
SF:src\repositories\movieRepository.ts
FN:15,(anonymous_0)
FN:30,(anonymous_1)
FN:47,(anonymous_2)
FN:51,(anonymous_3)
FNF:4
FNH:4
FNDA:1,(anonymous_0)
FNDA:5,(anonymous_1)
FNDA:1,(anonymous_2)
FNDA:3,(anonymous_3)
DA:1,2
DA:14,2
DA:17,1
DA:31,5
DA:32,5
DA:48,1
DA:52,3
LF:7
LH:7
BRDA:31,0,0,3
BRDA:31,0,1,2
BRDA:38,1,0,5
BRDA:38,1,1,1
BRDA:39,2,0,5
BRDA:39,2,1,1
BRDA:40,3,0,5
BRDA:40,3,1,1
BRDA:41,4,0,5
BRDA:41,4,1,1
BRF:10
BRH:10
end_of_record
TN:
SF:src\repositories\ratingsRepository.ts
FN:13,(anonymous_0)
FN:31,(anonymous_1)
FN:38,(anonymous_2)
FN:45,(anonymous_3)
FNF:4
FNH:4
FNDA:2,(anonymous_0)
FNDA:5,(anonymous_1)
FNDA:1,(anonymous_2)
FNDA:1,(anonymous_3)
DA:2,2
DA:12,2
DA:14,2
DA:15,2
DA:20,2
DA:21,1
DA:28,1
DA:32,5
DA:39,1
DA:46,1
LF:10
LH:10
BRDA:20,0,0,1
BRF:1
BRH:1
end_of_record
TN:
SF:src\repositories\userRepository.ts
FN:11,(anonymous_9)
FN:17,(anonymous_10)
FNF:2
FNH:2
FNDA:7,(anonymous_9)
FNDA:2,(anonymous_10)
DA:1,2
DA:2,2
DA:9,2
DA:12,7
DA:13,7
DA:18,2
DA:19,2
DA:21,2
LF:8
LH:8
BRDA:13,0,0,7
BRDA:13,0,1,3
BRF:2
BRH:2
end_of_record
TN:
SF:src\repositories\wishlistRepository.ts
FN:12,(anonymous_0)
FN:19,(anonymous_1)
FN:26,(anonymous_2)
FN:33,(anonymous_3)
FNF:4
FNH:4
FNDA:4,(anonymous_0)
FNDA:4,(anonymous_1)
FNDA:2,(anonymous_2)
FNDA:2,(anonymous_3)
DA:1,2
DA:11,2
DA:13,4
DA:20,4
DA:27,2
DA:34,2
DA:38,2
LF:7
LH:7
BRDA:38,0,0,2
BRDA:38,0,1,1
BRF:2
BRH:2
end_of_record
TN:
SF:src\services\user.ts
FN:10,(anonymous_0)
FN:28,(anonymous_1)
FN:38,(anonymous_2)
FNF:3
FNH:3
FNDA:7,(anonymous_0)
FNDA:5,(anonymous_1)
FNDA:3,(anonymous_2)
DA:1,7
DA:3,7
DA:5,7
DA:11,7
DA:13,6
DA:14,6
DA:15,2
DA:16,2
DA:17,2
DA:19,4
DA:21,6
DA:22,6
DA:29,5
DA:30,2
DA:32,3
DA:39,3
DA:40,1
DA:42,2
LF:18
LH:18
BRDA:11,0,0,1
BRDA:14,1,0,2
BRDA:14,1,1,4
BRDA:29,2,0,2
BRDA:39,3,0,1
BRF:5
BRH:5
end_of_record
TN:
SF:src\services\watchedList.ts
FN:13,(anonymous_0)
FN:50,(anonymous_1)
FN:54,(anonymous_2)
FN:79,(anonymous_3)
FN:86,(anonymous_4)
FNF:5
FNH:5
FNDA:10,(anonymous_0)
FNDA:4,(anonymous_1)
FNDA:5,(anonymous_2)
FNDA:1,(anonymous_3)
FNDA:1,(anonymous_4)
DA:1,17
DA:2,17
DA:3,17
DA:5,17
DA:12,17
DA:14,10
DA:15,10
DA:16,10
DA:18,10
DA:19,13
DA:20,13
DA:21,12
DA:23,12
DA:28,12
DA:29,12
DA:30,12
DA:32,1
DA:35,12
DA:46,12
DA:50,10
DA:51,10
DA:55,5
DA:56,5
DA:57,5
DA:60,4
DA:61,4
DA:62,1
DA:65,4
DA:75,5
DA:76,5
DA:80,1
DA:81,1
DA:82,1
DA:83,1
DA:87,1
DA:88,1
DA:89,1
LF:37
LH:37
BRDA:20,0,0,12
BRDA:23,1,0,11
BRDA:23,1,1,1
BRDA:30,2,0,11
BRDA:30,2,1,1
BRDA:38,3,0,12
BRDA:38,3,1,1
BRDA:39,4,0,12
BRDA:39,4,1,2
BRDA:41,5,0,12
BRDA:41,5,1,9
BRDA:44,6,0,12
BRDA:44,6,1,5
BRDA:57,7,0,4
BRDA:61,8,0,1
BRDA:69,9,0,4
BRDA:69,9,1,1
BRDA:72,10,0,4
BRDA:72,10,1,1
BRF:19
BRH:19
end_of_record
TN:
SF:src\services\wishlist.ts
FN:7,(anonymous_0)
FN:44,(anonymous_1)
FN:48,(anonymous_2)
FN:78,(anonymous_3)
FNF:4
FNH:4
FNDA:11,(anonymous_0)
FNDA:6,(anonymous_1)
FNDA:4,(anonymous_2)
FNDA:1,(anonymous_3)
DA:1,11
DA:2,11
DA:3,11
DA:7,11
DA:8,11
DA:9,11
DA:10,11
DA:12,11
DA:13,11
DA:14,11
DA:16,10
DA:21,10
DA:22,10
DA:23,10
DA:25,1
DA:28,10
DA:37,10
DA:40,11
DA:44,11
DA:45,6
DA:48,11
DA:49,4
DA:52,4
DA:53,4
DA:55,3
DA:56,3
DA:57,1
DA:60,3
DA:71,4
DA:72,4
DA:73,3
DA:75,4
DA:78,11
DA:79,1
DA:80,1
DA:81,1
DA:82,1
LF:37
LH:37
BRDA:14,0,0,10
BRDA:16,1,0,8
BRDA:16,1,1,2
BRDA:23,2,0,8
BRDA:23,2,1,2
BRDA:31,3,0,10
BRDA:31,3,1,1
BRDA:32,4,0,10
BRDA:32,4,1,1
BRDA:34,5,0,10
BRDA:34,5,1,1
BRDA:53,6,0,3
BRDA:56,7,0,1
BRDA:64,8,0,3
BRDA:64,8,1,1
BRDA:67,9,0,3
BRDA:67,9,1,2
BRDA:72,10,0,3
BRF:18
BRH:18
end_of_record
