TN:
SF:src\repositories\historyRepository.ts
FN:12,(anonymous_0)
FN:19,(anonymous_1)
FN:26,(anonymous_2)
FNF:3
FNH:3
FNDA:1,(anonymous_0)
FNDA:1,(anonymous_1)
FNDA:1,(anonymous_2)
DA:1,1
DA:11,1
DA:13,1
DA:20,1
DA:27,1
LF:5
LH:5
BRF:0
BRH:0
end_of_record
TN:
SF:src\repositories\movieRepository.ts
FN:15,(anonymous_0)
FN:30,(anonymous_1)
FN:47,(anonymous_2)
FN:51,(anonymous_3)
FNF:4
FNH:4
FNDA:1,(anonymous_0)
FNDA:2,(anonymous_1)
FNDA:1,(anonymous_2)
FNDA:1,(anonymous_3)
DA:1,1
DA:14,1
DA:17,1
DA:31,2
DA:32,2
DA:48,1
DA:52,1
LF:7
LH:7
BRDA:31,0,0,1
BRDA:31,0,1,1
BRDA:38,1,0,2
BRDA:38,1,1,1
BRDA:39,2,0,2
BRDA:39,2,1,1
BRDA:40,3,0,2
BRDA:40,3,1,1
BRDA:41,4,0,2
BRDA:41,4,1,1
BRF:10
BRH:10
end_of_record
TN:
SF:src\repositories\ratingsRepository.ts
FN:13,(anonymous_0)
FN:31,(anonymous_1)
FN:38,(anonymous_2)
FN:45,(anonymous_3)
FNF:4
FNH:4
FNDA:2,(anonymous_0)
FNDA:1,(anonymous_1)
FNDA:1,(anonymous_2)
FNDA:1,(anonymous_3)
DA:2,1
DA:12,1
DA:14,2
DA:15,2
DA:20,2
DA:21,1
DA:28,1
DA:32,1
DA:39,1
DA:46,1
LF:10
LH:10
BRDA:20,0,0,1
BRF:1
BRH:1
end_of_record
TN:
SF:src\repositories\userRepository.ts
FN:11,(anonymous_9)
FN:17,(anonymous_10)
FNF:2
FNH:2
FNDA:2,(anonymous_9)
FNDA:1,(anonymous_10)
DA:1,1
DA:2,1
DA:9,1
DA:12,2
DA:13,2
DA:18,1
DA:19,1
DA:21,1
LF:8
LH:8
BRDA:13,0,0,2
BRDA:13,0,1,1
BRF:2
BRH:2
end_of_record
TN:
SF:src\repositories\wishlistRepository.ts
FN:12,(anonymous_0)
FN:19,(anonymous_1)
FN:26,(anonymous_2)
FN:33,(anonymous_3)
FNF:4
FNH:4
FNDA:1,(anonymous_0)
FNDA:1,(anonymous_1)
FNDA:1,(anonymous_2)
FNDA:2,(anonymous_3)
DA:1,1
DA:11,1
DA:13,1
DA:20,1
DA:27,1
DA:34,2
DA:38,2
LF:7
LH:7
BRDA:38,0,0,2
BRDA:38,0,1,1
BRF:2
BRH:2
end_of_record
TN:
SF:src\services\user.ts
FN:10,(anonymous_0)
FN:28,(anonymous_1)
FN:38,(anonymous_2)
FNF:3
FNH:3
FNDA:5,(anonymous_0)
FNDA:2,(anonymous_1)
FNDA:2,(anonymous_2)
DA:1,6
DA:3,6
DA:5,6
DA:11,5
DA:13,4
DA:14,4
DA:15,1
DA:16,1
DA:17,1
DA:19,3
DA:21,4
DA:22,4
DA:29,2
DA:30,1
DA:32,1
DA:39,2
DA:40,1
DA:42,1
LF:18
LH:18
BRDA:11,0,0,1
BRDA:14,1,0,1
BRDA:14,1,1,3
BRDA:29,2,0,1
BRDA:39,3,0,1
BRF:5
BRH:5
end_of_record
TN:
SF:src\services\watchedList.ts
FN:13,(anonymous_0)
FN:50,(anonymous_1)
FN:54,(anonymous_2)
FN:79,(anonymous_3)
FN:86,(anonymous_4)
FNF:5
FNH:5
FNDA:9,(anonymous_0)
FNDA:4,(anonymous_1)
FNDA:5,(anonymous_2)
FNDA:1,(anonymous_3)
FNDA:1,(anonymous_4)
DA:1,16
DA:2,16
DA:3,16
DA:5,16
DA:12,16
DA:14,9
DA:15,9
DA:16,9
DA:18,9
DA:19,12
DA:20,12
DA:21,11
DA:23,11
DA:28,11
DA:29,11
DA:30,11
DA:32,1
DA:35,11
DA:46,11
DA:50,9
DA:51,9
DA:55,5
DA:56,5
DA:57,5
DA:60,4
DA:61,4
DA:62,1
DA:65,4
DA:75,5
DA:76,5
DA:80,1
DA:81,1
DA:82,1
DA:83,1
DA:87,1
DA:88,1
DA:89,1
LF:37
LH:37
BRDA:20,0,0,11
BRDA:23,1,0,10
BRDA:23,1,1,1
BRDA:30,2,0,10
BRDA:30,2,1,1
BRDA:38,3,0,11
BRDA:38,3,1,1
BRDA:39,4,0,11
BRDA:39,4,1,2
BRDA:41,5,0,11
BRDA:41,5,1,9
BRDA:44,6,0,11
BRDA:44,6,1,5
BRDA:57,7,0,4
BRDA:61,8,0,1
BRDA:69,9,0,4
BRDA:69,9,1,1
BRDA:72,10,0,4
BRDA:72,10,1,1
BRF:19
BRH:19
end_of_record
TN:
SF:src\services\wishlist.ts
FN:7,(anonymous_0)
FN:44,(anonymous_1)
FN:48,(anonymous_2)
FN:78,(anonymous_3)
FNF:4
FNH:4
FNDA:10,(anonymous_0)
FNDA:5,(anonymous_1)
FNDA:4,(anonymous_2)
FNDA:1,(anonymous_3)
DA:1,10
DA:2,10
DA:3,10
DA:7,10
DA:8,10
DA:9,10
DA:10,10
DA:12,10
DA:13,10
DA:14,10
DA:16,9
DA:21,9
DA:22,9
DA:23,9
DA:25,1
DA:28,9
DA:37,9
DA:40,10
DA:44,10
DA:45,5
DA:48,10
DA:49,4
DA:52,4
DA:53,4
DA:55,3
DA:56,3
DA:57,1
DA:60,3
DA:71,4
DA:72,4
DA:73,3
DA:75,4
DA:78,10
DA:79,1
DA:80,1
DA:81,1
DA:82,1
LF:37
LH:37
BRDA:14,0,0,9
BRDA:16,1,0,7
BRDA:16,1,1,2
BRDA:23,2,0,7
BRDA:23,2,1,2
BRDA:31,3,0,9
BRDA:31,3,1,1
BRDA:32,4,0,9
BRDA:32,4,1,1
BRDA:34,5,0,9
BRDA:34,5,1,1
BRDA:53,6,0,3
BRDA:56,7,0,1
BRDA:64,8,0,3
BRDA:64,8,1,1
BRDA:67,9,0,3
BRDA:67,9,1,2
BRDA:72,10,0,3
BRF:18
BRH:18
end_of_record
